[0m20:50:43.388026 [debug] [MainThread]: Sending event: {'category': 'dbt', 'action': 'invocation', 'label': 'start', 'context': [<snowplow_tracker.self_describing_json.SelfDescribingJson object at 0x0000016C9B2A3680>, <snowplow_tracker.self_describing_json.SelfDescribingJson object at 0x0000016C9D0C6D80>, <snowplow_tracker.self_describing_json.SelfDescribingJson object at 0x0000016C9DB54290>]}


============================== 20:50:43.392541 | 189b02a2-3a45-4376-9ae2-ec051e5ff7ff ==============================
[0m20:50:43.392541 [info ] [MainThread]: Running with dbt=1.8.2
[0m20:50:43.393540 [debug] [MainThread]: running dbt with arguments {'printer_width': '80', 'indirect_selection': 'eager', 'write_json': 'True', 'log_cache_events': 'False', 'partial_parse': 'True', 'cache_selected_only': 'False', 'profiles_dir': '../', 'fail_fast': 'False', 'debug': 'False', 'log_path': 'logs', 'version_check': 'True', 'warn_error': 'None', 'use_colors': 'True', 'use_experimental_parser': 'False', 'no_print': 'None', 'quiet': 'False', 'log_format': 'default', 'static_parser': 'True', 'invocation_command': 'dbt init', 'warn_error_options': 'WarnErrorOptions(include=[], exclude=[])', 'target_path': 'None', 'introspect': 'True', 'send_anonymous_usage_stats': 'True'}
[0m20:51:12.017087 [debug] [MainThread]: Starter project path: C:\Users\Luciano\workspace\lvgalvaofilho\workshop-aberto-dw-do-zero-aovivo\.venv\Lib\site-packages\dbt\include\starter_project
[0m20:51:12.044200 [info ] [MainThread]: 
Your new dbt project "datawarehouse" was created!

For more information on how to configure the profiles.yml file,
please consult the dbt documentation here:

  https://docs.getdbt.com/docs/configure-your-profile

One more thing:

Need help? Don't hesitate to reach out to us via GitHub issues or on Slack:

  https://community.getdbt.com/

Happy modeling!

[0m20:51:12.045561 [info ] [MainThread]: Setting up your profile.
[0m20:51:56.631088 [info ] [MainThread]: Profile datawarehouse written to ..\profiles.yml using target's profile_template.yml and your supplied values. Run 'dbt debug' to validate the connection.
[0m20:51:56.632094 [debug] [MainThread]: Command `dbt init` succeeded at 20:51:56.632094 after 73.33 seconds
[0m20:51:56.633094 [debug] [MainThread]: Sending event: {'category': 'dbt', 'action': 'invocation', 'label': 'end', 'context': [<snowplow_tracker.self_describing_json.SelfDescribingJson object at 0x0000016C9DD6C530>, <snowplow_tracker.self_describing_json.SelfDescribingJson object at 0x0000016C9BACAB40>, <snowplow_tracker.self_describing_json.SelfDescribingJson object at 0x0000016C9CE97B90>]}
[0m20:51:56.633601 [debug] [MainThread]: Flushing usage events
[0m22:09:25.433203 [debug] [MainThread]: Sending event: {'category': 'dbt', 'action': 'invocation', 'label': 'start', 'context': [<snowplow_tracker.self_describing_json.SelfDescribingJson object at 0x000001DB4AF3ACF0>, <snowplow_tracker.self_describing_json.SelfDescribingJson object at 0x000001DB4AF67500>, <snowplow_tracker.self_describing_json.SelfDescribingJson object at 0x000001DB47704320>]}


============================== 22:09:25.436312 | 72fdc757-0a70-4afa-851a-a8bfa95566b8 ==============================
[0m22:09:25.436312 [info ] [MainThread]: Running with dbt=1.8.2
[0m22:09:25.437311 [debug] [MainThread]: running dbt with arguments {'printer_width': '80', 'indirect_selection': 'eager', 'write_json': 'True', 'log_cache_events': 'False', 'partial_parse': 'True', 'cache_selected_only': 'False', 'warn_error': 'None', 'fail_fast': 'False', 'version_check': 'True', 'log_path': 'logs', 'profiles_dir': '../', 'debug': 'False', 'use_colors': 'True', 'use_experimental_parser': 'False', 'no_print': 'None', 'quiet': 'False', 'log_format': 'default', 'static_parser': 'True', 'introspect': 'True', 'invocation_command': 'dbt run', 'target_path': 'None', 'warn_error_options': 'WarnErrorOptions(include=[], exclude=[])', 'send_anonymous_usage_stats': 'True'}
[0m22:09:25.438311 [error] [MainThread]: Encountered an error:
Runtime Error
  No dbt_project.yml found at expected path C:\Users\Luciano\workspace\lvgalvaofilho\workshop-aberto-dw-do-zero-aovivo\dbt_project.yml
  Verify that each entry within packages.yml (and their transitive dependencies) contains a file named dbt_project.yml
  
[0m22:09:25.439310 [debug] [MainThread]: Command `dbt run` failed at 22:09:25.439310 after 0.08 seconds
[0m22:09:25.440312 [debug] [MainThread]: Sending event: {'category': 'dbt', 'action': 'invocation', 'label': 'end', 'context': [<snowplow_tracker.self_describing_json.SelfDescribingJson object at 0x000001DB4AEB4EF0>, <snowplow_tracker.self_describing_json.SelfDescribingJson object at 0x000001DB4A7EB890>, <snowplow_tracker.self_describing_json.SelfDescribingJson object at 0x000001DB4AC6FB60>]}
[0m22:09:25.440312 [debug] [MainThread]: Flushing usage events
[0m09:27:58.616956 [debug] [MainThread]: Sending event: {'category': 'dbt', 'action': 'invocation', 'label': 'start', 'context': [<snowplow_tracker.self_describing_json.SelfDescribingJson object at 0x00000288E2072AB0>, <snowplow_tracker.self_describing_json.SelfDescribingJson object at 0x00000288E2073D40>, <snowplow_tracker.self_describing_json.SelfDescribingJson object at 0x00000288E2072A50>]}


============================== 09:27:58.674798 | ccebf5e1-348b-4539-8818-0778efe5df5b ==============================
[0m09:27:58.674798 [info ] [MainThread]: Running with dbt=1.11.9
[0m09:27:58.675794 [debug] [MainThread]: running dbt with arguments {'version_check': 'True', 'no_print': 'None', 'static_parser': 'True', 'warn_error_options': 'WarnErrorOptionsV2(error=[], warn=[], silence=[])', 'target_path': 'None', 'printer_width': '80', 'write_json': 'True', 'introspect': 'True', 'log_cache_events': 'False', 'empty': 'None', 'cache_selected_only': 'False', 'log_format': 'default', 'debug': 'False', 'fail_fast': 'False', 'partial_parse': 'True', 'send_anonymous_usage_stats': 'True', 'quiet': 'False', 'warn_error': 'None', 'profiles_dir': 'C:\\Users\\renan\\Desktop\\Projetos-Github\\Data-Warehouse', 'invocation_command': 'dbt init', 'indirect_selection': 'eager', 'use_colors': 'True', 'use_experimental_parser': 'False', 'log_path': 'logs'}
[0m09:33:51.230936 [info ] [MainThread]: A project called datawarehouse already exists here.
[0m09:33:51.232934 [debug] [MainThread]: Command `dbt init` succeeded at 09:33:51.232934 after 352.76 seconds
[0m09:33:51.233934 [debug] [MainThread]: Sending event: {'category': 'dbt', 'action': 'invocation', 'label': 'end', 'context': [<snowplow_tracker.self_describing_json.SelfDescribingJson object at 0x00000288E1D2F6E0>, <snowplow_tracker.self_describing_json.SelfDescribingJson object at 0x00000288DAA51D00>, <snowplow_tracker.self_describing_json.SelfDescribingJson object at 0x00000288E078CD40>]}
[0m09:33:51.233934 [debug] [MainThread]: Flushing usage events
[0m09:33:52.285204 [debug] [MainThread]: An error was encountered while trying to flush usage events
[0m10:54:06.137798 [debug] [MainThread]: Sending event: {'category': 'dbt', 'action': 'invocation', 'label': 'start', 'context': [<snowplow_tracker.self_describing_json.SelfDescribingJson object at 0x000002E147C854C0>, <snowplow_tracker.self_describing_json.SelfDescribingJson object at 0x000002E147C85580>, <snowplow_tracker.self_describing_json.SelfDescribingJson object at 0x000002E147C855B0>]}


============================== 10:54:06.146370 | c210673f-160d-4efb-9dec-ad190a4cb741 ==============================
[0m10:54:06.146370 [info ] [MainThread]: Running with dbt=1.11.9
[0m10:54:06.148371 [debug] [MainThread]: running dbt with arguments {'static_parser': 'True', 'no_print': 'None', 'version_check': 'True', 'warn_error_options': 'WarnErrorOptionsV2(error=[], warn=[], silence=[])', 'target_path': 'None', 'printer_width': '80', 'write_json': 'True', 'empty': 'None', 'log_cache_events': 'False', 'introspect': 'True', 'cache_selected_only': 'False', 'log_format': 'default', 'debug': 'False', 'fail_fast': 'False', 'profiles_dir': 'C:\\Users\\renan\\Desktop\\Projetos-Github\\Data-Warehouse', 'send_anonymous_usage_stats': 'True', 'quiet': 'False', 'warn_error': 'None', 'partial_parse': 'True', 'invocation_command': 'dbt init', 'use_colors': 'True', 'indirect_selection': 'eager', 'use_experimental_parser': 'False', 'log_path': 'logs'}
[0m10:55:22.537323 [debug] [MainThread]: Starter project path: C:\Users\renan\Desktop\Projetos-Github\Data-Warehouse\.venv\Lib\site-packages\dbt\include\starter_project
[0m10:55:22.568541 [info ] [MainThread]: 
Your new dbt project "datawarehouse" was created!

For more information on how to configure the profiles.yml file,
please consult the dbt documentation here:

  https://docs.getdbt.com/docs/configure-your-profile

One more thing:

Need help? Don't hesitate to reach out to us via GitHub issues or on Slack:

  https://community.getdbt.com/

Happy modeling!

[0m10:55:22.569302 [info ] [MainThread]: Setting up your profile.
[0m10:59:21.348123 [info ] [MainThread]: Profile datawarehouse written to C:\Users\renan\Desktop\Projetos-Github\Data-Warehouse\profiles.yml using target's profile_template.yml and your supplied values. Run 'dbt debug' to validate the connection.
[0m10:59:21.355398 [debug] [MainThread]: Command `dbt init` succeeded at 10:59:21.353886 after 315.49 seconds
[0m10:59:21.357406 [debug] [MainThread]: Sending event: {'category': 'dbt', 'action': 'invocation', 'label': 'end', 'context': [<snowplow_tracker.self_describing_json.SelfDescribingJson object at 0x000002E1476A9160>, <snowplow_tracker.self_describing_json.SelfDescribingJson object at 0x000002E14758ABD0>, <snowplow_tracker.self_describing_json.SelfDescribingJson object at 0x000002E14758B1D0>]}
[0m10:59:21.361427 [debug] [MainThread]: Flushing usage events
[0m10:59:22.303835 [debug] [MainThread]: An error was encountered while trying to flush usage events
[0m15:17:23.169094 [debug] [MainThread]: Sending event: {'category': 'dbt', 'action': 'invocation', 'label': 'start', 'context': [<snowplow_tracker.self_describing_json.SelfDescribingJson object at 0x0000026C7E665370>, <snowplow_tracker.self_describing_json.SelfDescribingJson object at 0x0000026C02189D60>, <snowplow_tracker.self_describing_json.SelfDescribingJson object at 0x0000026C7F9D8860>]}


============================== 15:17:23.176093 | 35634c7d-1b68-4906-94c9-ad0db781a679 ==============================
[0m15:17:23.176093 [info ] [MainThread]: Running with dbt=1.11.9
[0m15:17:23.177092 [debug] [MainThread]: running dbt with arguments {'static_parser': 'True', 'no_print': 'None', 'version_check': 'True', 'target_path': 'None', 'warn_error_options': 'WarnErrorOptionsV2(error=[], warn=[], silence=[])', 'printer_width': '80', 'write_json': 'True', 'empty': 'None', 'log_cache_events': 'False', 'introspect': 'True', 'cache_selected_only': 'False', 'log_format': 'default', 'debug': 'False', 'fail_fast': 'False', 'partial_parse': 'True', 'send_anonymous_usage_stats': 'True', 'quiet': 'False', 'warn_error': 'None', 'profiles_dir': 'C:\\Users\\renan\\Desktop\\Projetos-Github\\Data-Warehouse', 'indirect_selection': 'eager', 'invocation_command': 'dbt debug', 'use_colors': 'True', 'use_experimental_parser': 'False', 'log_path': 'logs'}
[0m15:17:23.218626 [info ] [MainThread]: dbt version: 1.11.9
[0m15:17:23.218626 [info ] [MainThread]: python version: 3.12.7
[0m15:17:23.219623 [info ] [MainThread]: python path: C:\Users\renan\Desktop\Projetos-Github\Data-Warehouse\.venv\Scripts\python.exe
[0m15:17:23.220623 [info ] [MainThread]: os info: Windows-11-10.0.26200-SP0
[0m15:17:23.230119 [error] [MainThread]: Encountered an error:
Parsing Error
  Env var required but not provided: 'DB_HOST_PROD'
[0m15:17:23.232130 [debug] [MainThread]: Command `dbt debug` failed at 15:17:23.232130 after 0.33 seconds
[0m15:17:23.232130 [debug] [MainThread]: Sending event: {'category': 'dbt', 'action': 'invocation', 'label': 'end', 'context': [<snowplow_tracker.self_describing_json.SelfDescribingJson object at 0x0000026C014B1E80>, <snowplow_tracker.self_describing_json.SelfDescribingJson object at 0x0000026C024706E0>, <snowplow_tracker.self_describing_json.SelfDescribingJson object at 0x0000026C02281D00>]}
[0m15:17:23.233130 [debug] [MainThread]: Flushing usage events
[0m15:17:24.188461 [debug] [MainThread]: An error was encountered while trying to flush usage events
[0m15:19:34.386047 [debug] [MainThread]: Sending event: {'category': 'dbt', 'action': 'invocation', 'label': 'start', 'context': [<snowplow_tracker.self_describing_json.SelfDescribingJson object at 0x00000290E3097A40>, <snowplow_tracker.self_describing_json.SelfDescribingJson object at 0x00000290E32A70B0>, <snowplow_tracker.self_describing_json.SelfDescribingJson object at 0x00000290E2982990>]}


============================== 15:19:34.392044 | c1508ce1-4a71-4968-a2ed-a967742fc26e ==============================
[0m15:19:34.392044 [info ] [MainThread]: Running with dbt=1.11.9
[0m15:19:34.393046 [debug] [MainThread]: running dbt with arguments {'static_parser': 'True', 'no_print': 'None', 'version_check': 'True', 'target_path': 'None', 'warn_error_options': 'WarnErrorOptionsV2(error=[], warn=[], silence=[])', 'printer_width': '80', 'write_json': 'True', 'empty': 'None', 'log_cache_events': 'False', 'introspect': 'True', 'cache_selected_only': 'False', 'fail_fast': 'False', 'debug': 'False', 'log_format': 'default', 'profiles_dir': '../', 'send_anonymous_usage_stats': 'True', 'quiet': 'False', 'warn_error': 'None', 'partial_parse': 'True', 'use_colors': 'True', 'invocation_command': 'dbt debug', 'indirect_selection': 'eager', 'use_experimental_parser': 'False', 'log_path': 'logs'}
[0m15:19:34.415940 [info ] [MainThread]: dbt version: 1.11.9
[0m15:19:34.416990 [info ] [MainThread]: python version: 3.12.7
[0m15:19:34.418002 [info ] [MainThread]: python path: C:\Users\renan\Desktop\Projetos-Github\Data-Warehouse\.venv\Scripts\python.exe
[0m15:19:34.418002 [info ] [MainThread]: os info: Windows-11-10.0.26200-SP0
[0m15:19:34.419003 [info ] [MainThread]: Using profiles dir at ../
[0m15:19:34.420007 [info ] [MainThread]: Using profiles.yml file at ../profiles.yml
[0m15:19:34.421005 [info ] [MainThread]: Using dbt_project.yml file at C:\Users\renan\Desktop\Projetos-Github\Data-Warehouse\dbt_project.yml
[0m15:19:34.422016 [info ] [MainThread]: Configuration:
[0m15:19:34.422016 [info ] [MainThread]:   profiles.yml file [[31mERROR not found[0m]
[0m15:19:34.423002 [info ] [MainThread]:   dbt_project.yml file [[31mERROR not found[0m]
[0m15:19:34.423002 [info ] [MainThread]: Required dependencies:
[0m15:19:34.424004 [debug] [MainThread]: Executing "git --help"
[0m15:19:34.463848 [debug] [MainThread]: STDOUT: "b"usage: git [-v | --version] [-h | --help] [-C <path>] [-c <name>=<value>]\n           [--exec-path[=<path>]] [--html-path] [--man-path] [--info-path]\n           [-p | --paginate | -P | --no-pager] [--no-replace-objects] [--no-lazy-fetch]\n           [--no-optional-locks] [--no-advice] [--bare] [--git-dir=<path>]\n           [--work-tree=<path>] [--namespace=<name>] [--config-env=<name>=<envvar>]\n           <command> [<args>]\n\nThese are common Git commands used in various situations:\n\nstart a working area (see also: git help tutorial)\n   clone      Clone a repository into a new directory\n   init       Create an empty Git repository or reinitialize an existing one\n\nwork on the current change (see also: git help everyday)\n   add        Add file contents to the index\n   mv         Move or rename a file, a directory, or a symlink\n   restore    Restore working tree files\n   rm         Remove files from the working tree and from the index\n\nexamine the history and state (see also: git help revisions)\n   bisect     Use binary search to find the commit that introduced a bug\n   diff       Show changes between commits, commit and working tree, etc\n   grep       Print lines matching a pattern\n   log        Show commit logs\n   show       Show various types of objects\n   status     Show the working tree status\n\ngrow, mark and tweak your common history\n   backfill   Download missing objects in a partial clone\n   branch     List, create, or delete branches\n   commit     Record changes to the repository\n   merge      Join two or more development histories together\n   rebase     Reapply commits on top of another base tip\n   reset      Set `HEAD` or the index to a known state\n   switch     Switch branches\n   tag        Create, list, delete or verify tags\n\ncollaborate (see also: git help workflows)\n   fetch      Download objects and refs from another repository\n   pull       Fetch from and integrate with another repository or a local branch\n   push       Update remote refs along with associated objects\n\n'git help -a' and 'git help -g' list available subcommands and some\nconcept guides. See 'git help <command>' or 'git help <concept>'\nto read about a specific subcommand or concept.\nSee 'git help git' for an overview of the system.\n""
[0m15:19:34.464838 [debug] [MainThread]: STDERR: "b''"
[0m15:19:34.464838 [info ] [MainThread]:  - git [[32mOK found[0m]

[0m15:19:34.464838 [info ] [MainThread]: Connection test skipped since no profile was found
[0m15:19:34.465840 [info ] [MainThread]: [31m2 checks failed:[0m
[0m15:19:34.465840 [info ] [MainThread]: dbt looked for a profiles.yml file in ../profiles.yml, but did
not find one. For more information on configuring your profile, consult the
documentation:

https://docs.getdbt.com/docs/configure-your-profile


[0m15:19:34.466838 [info ] [MainThread]: Project loading failed for the following reason:
 project path <C:\Users\renan\Desktop\Projetos-Github\Data-Warehouse\dbt_project.yml> not found

[0m15:19:34.466838 [debug] [MainThread]: Command `dbt debug` failed at 15:19:34.466838 after 0.24 seconds
[0m15:19:34.467840 [debug] [MainThread]: Sending event: {'category': 'dbt', 'action': 'invocation', 'label': 'end', 'context': [<snowplow_tracker.self_describing_json.SelfDescribingJson object at 0x00000290E2EE2030>, <snowplow_tracker.self_describing_json.SelfDescribingJson object at 0x00000290E2CF74D0>, <snowplow_tracker.self_describing_json.SelfDescribingJson object at 0x00000290E2F7D730>]}
[0m15:19:34.467840 [debug] [MainThread]: Flushing usage events
[0m15:19:35.460209 [debug] [MainThread]: An error was encountered while trying to flush usage events
